2020-01-28 21:48:23,277 INFO org.springframework.boot.StartupInfoLogger [main] Starting DemoApplicationTests on DESKTOP-IFQK0U3 with PID 15440 (started by julia in E:\Documents\luxoftTaskNetwork)
2020-01-28 21:48:23,283 DEBUG org.springframework.boot.StartupInfoLogger [main] Running with Spring Boot v2.2.4.RELEASE, Spring v5.2.3.RELEASE
2020-01-28 21:48:23,287 INFO org.springframework.boot.SpringApplication [main] No active profile set, falling back to default profiles: default
2020-01-28 21:48:26,649 INFO org.springframework.context.support.PostProcessorRegistrationDelegate$BeanPostProcessorChecker [main] Bean 'org.springframework.transaction.annotation.ProxyTransactionManagementConfiguration' of type [org.springframework.transaction.annotation.ProxyTransactionManagementConfiguration] is not eligible for getting processed by all BeanPostProcessors (for example: not eligible for auto-proxying)
2020-01-28 21:48:28,531 INFO springfox.documentation.spring.web.PropertySourcedRequestMappingHandlerMapping [main] Mapped URL path [/v2/api-docs] onto method [springfox.documentation.swagger2.web.Swagger2Controller#getDocumentation(String, HttpServletRequest)]
2020-01-28 21:48:29,338 INFO org.springframework.scheduling.concurrent.ExecutorConfigurationSupport [main] Initializing ExecutorService 'applicationTaskExecutor'
2020-01-28 21:48:29,929 INFO springfox.documentation.spring.web.plugins.DocumentationPluginsBootstrapper [main] Context refreshed
2020-01-28 21:48:30,015 INFO springfox.documentation.spring.web.plugins.DocumentationPluginsBootstrapper [main] Found 1 custom documentation plugin(s)
2020-01-28 21:48:30,108 INFO springfox.documentation.spring.web.scanners.ApiListingReferenceScanner [main] Scanning for api listing references
2020-01-28 21:48:30,707 INFO org.springframework.boot.StartupInfoLogger [main] Started DemoApplicationTests in 8.644 seconds (JVM running for 11.435)
2020-01-28 21:48:32,093 INFO org.springframework.scheduling.concurrent.ExecutorConfigurationSupport [SpringContextShutdownHook] Shutting down ExecutorService 'applicationTaskExecutor'
2020-01-28 21:48:49,484 INFO org.springframework.boot.StartupInfoLogger [main] Starting DemoApplication on DESKTOP-IFQK0U3 with PID 20244 (E:\Documents\luxoftTaskNetwork\target\classes started by julia in E:\Documents\luxoftTaskNetwork)
2020-01-28 21:48:49,491 DEBUG org.springframework.boot.StartupInfoLogger [main] Running with Spring Boot v2.2.4.RELEASE, Spring v5.2.3.RELEASE
2020-01-28 21:48:49,494 INFO org.springframework.boot.SpringApplication [main] No active profile set, falling back to default profiles: default
2020-01-28 21:48:51,171 INFO org.springframework.context.support.PostProcessorRegistrationDelegate$BeanPostProcessorChecker [main] Bean 'org.springframework.transaction.annotation.ProxyTransactionManagementConfiguration' of type [org.springframework.transaction.annotation.ProxyTransactionManagementConfiguration] is not eligible for getting processed by all BeanPostProcessors (for example: not eligible for auto-proxying)
2020-01-28 21:48:52,008 INFO org.springframework.boot.web.embedded.tomcat.TomcatWebServer [main] Tomcat initialized with port(s): 8080 (http)
2020-01-28 21:48:52,036 INFO org.apache.juli.logging.DirectJDKLog [main] Initializing ProtocolHandler ["http-nio-8080"]
2020-01-28 21:48:52,040 INFO org.apache.juli.logging.DirectJDKLog [main] Starting service [Tomcat]
2020-01-28 21:48:52,045 INFO org.apache.juli.logging.DirectJDKLog [main] Starting Servlet engine: [Apache Tomcat/9.0.30]
2020-01-28 21:48:52,228 INFO org.apache.juli.logging.DirectJDKLog [main] Initializing Spring embedded WebApplicationContext
2020-01-28 21:48:52,231 INFO org.springframework.boot.web.servlet.context.ServletWebServerApplicationContext [main] Root WebApplicationContext: initialization completed in 2644 ms
2020-01-28 21:48:52,797 INFO springfox.documentation.spring.web.PropertySourcedRequestMappingHandlerMapping [main] Mapped URL path [/v2/api-docs] onto method [springfox.documentation.swagger2.web.Swagger2Controller#getDocumentation(String, HttpServletRequest)]
2020-01-28 21:48:52,979 INFO org.springframework.scheduling.concurrent.ExecutorConfigurationSupport [main] Initializing ExecutorService 'applicationTaskExecutor'
2020-01-28 21:48:53,153 INFO springfox.documentation.spring.web.plugins.DocumentationPluginsBootstrapper [main] Context refreshed
2020-01-28 21:48:53,179 INFO springfox.documentation.spring.web.plugins.DocumentationPluginsBootstrapper [main] Found 1 custom documentation plugin(s)
2020-01-28 21:48:53,252 INFO springfox.documentation.spring.web.scanners.ApiListingReferenceScanner [main] Scanning for api listing references
2020-01-28 21:48:53,550 INFO org.apache.juli.logging.DirectJDKLog [main] Starting ProtocolHandler ["http-nio-8080"]
2020-01-28 21:48:53,658 INFO org.springframework.boot.web.embedded.tomcat.TomcatWebServer [main] Tomcat started on port(s): 8080 (http) with context path ''
2020-01-28 21:48:53,671 INFO org.springframework.boot.StartupInfoLogger [main] Started DemoApplication in 5.211 seconds (JVM running for 5.937)
2020-01-28 21:50:24,491 INFO org.apache.juli.logging.DirectJDKLog [http-nio-8080-exec-2] Initializing Spring DispatcherServlet 'dispatcherServlet'
2020-01-28 21:50:24,518 INFO org.springframework.web.servlet.FrameworkServlet [http-nio-8080-exec-2] Initializing Servlet 'dispatcherServlet'
2020-01-28 21:50:24,678 INFO org.springframework.web.servlet.FrameworkServlet [http-nio-8080-exec-2] Completed initialization in 156 ms
2020-01-28 21:50:24,981 INFO com.example.demo.controllers.NetworkController [http-nio-8080-exec-2] Info level log message
2020-01-28 21:50:24,987 DEBUG com.example.demo.controllers.NetworkController [http-nio-8080-exec-2] Debug level log message
2020-01-28 21:50:24,990 ERROR com.example.demo.controllers.NetworkController [http-nio-8080-exec-2] Error level log message
2020-01-28 21:52:05,551 INFO org.springframework.scheduling.concurrent.ExecutorConfigurationSupport [SpringContextShutdownHook] Shutting down ExecutorService 'applicationTaskExecutor'
2020-01-28 21:52:54,290 INFO org.springframework.boot.StartupInfoLogger [main] Starting DemoApplicationTests on DESKTOP-IFQK0U3 with PID 23136 (started by julia in E:\Documents\luxoftTaskNetwork)
2020-01-28 21:52:54,298 DEBUG org.springframework.boot.StartupInfoLogger [main] Running with Spring Boot v2.2.4.RELEASE, Spring v5.2.3.RELEASE
2020-01-28 21:52:54,300 INFO org.springframework.boot.SpringApplication [main] No active profile set, falling back to default profiles: default
2020-01-28 21:53:02,188 INFO org.springframework.boot.StartupInfoLogger [main] Started DemoApplicationTests in 9.169 seconds (JVM running for 12.543)
2020-01-28 21:53:23,109 INFO org.springframework.boot.StartupInfoLogger [main] Starting DemoApplication on DESKTOP-IFQK0U3 with PID 20084 (E:\Documents\luxoftTaskNetwork\target\classes started by julia in E:\Documents\luxoftTaskNetwork)
2020-01-28 21:53:23,114 DEBUG org.springframework.boot.StartupInfoLogger [main] Running with Spring Boot v2.2.4.RELEASE, Spring v5.2.3.RELEASE
2020-01-28 21:53:23,117 INFO org.springframework.boot.SpringApplication [main] No active profile set, falling back to default profiles: default
2020-01-28 21:53:26,462 INFO org.springframework.boot.StartupInfoLogger [main] Started DemoApplication in 4.294 seconds (JVM running for 4.952)
2020-01-28 21:53:35,767 INFO com.example.demo.controllers.NetworkController [http-nio-8080-exec-1] Info level log message
2020-01-28 21:53:35,781 DEBUG com.example.demo.controllers.NetworkController [http-nio-8080-exec-1] Debug level log message
2020-01-28 21:53:35,789 ERROR com.example.demo.controllers.NetworkController [http-nio-8080-exec-1] Error level log message
2020-01-28 21:54:07,127 INFO com.example.demo.controllers.NetworkController [http-nio-8080-exec-3] Info level log message
2020-01-28 21:54:07,136 DEBUG com.example.demo.controllers.NetworkController [http-nio-8080-exec-3] Debug level log message
2020-01-28 21:54:07,142 ERROR com.example.demo.controllers.NetworkController [http-nio-8080-exec-3] Error level log message
2020-01-28 21:55:24,772 INFO com.example.demo.controllers.NetworkController [http-nio-8080-exec-6] Info level log message
2020-01-28 21:55:24,901 DEBUG com.example.demo.controllers.NetworkController [http-nio-8080-exec-6] Debug level log message
2020-01-28 21:55:24,906 ERROR com.example.demo.controllers.NetworkController [http-nio-8080-exec-6] Error level log message
